{
  "/Users/jessicagalvis/code/stock-dashboard/src/bff/index.ts": {
    "path": "/Users/jessicagalvis/code/stock-dashboard/src/bff/index.ts",
    "statementMap": {
      "0": {
        "start": { "line": 1, "column": 0 },
        "end": { "line": 1, "column": 21 }
      }
    },
    "fnMap": {},
    "branchMap": {},
    "s": { "0": 1 },
    "f": {},
    "b": {}
  },
  "/Users/jessicagalvis/code/stock-dashboard/src/bff/ws/index.ts": {
    "path": "/Users/jessicagalvis/code/stock-dashboard/src/bff/ws/index.ts",
    "statementMap": {
      "0": {
        "start": { "line": 1, "column": 0 },
        "end": { "line": 1, "column": 30 }
      },
      "1": {
        "start": { "line": 2, "column": 0 },
        "end": { "line": 2, "column": 24 }
      }
    },
    "fnMap": {},
    "branchMap": {},
    "s": { "0": 1, "1": 1 },
    "f": {},
    "b": {}
  },
  "/Users/jessicagalvis/code/stock-dashboard/src/bff/ws/wsSingleton.ts": {
    "path": "/Users/jessicagalvis/code/stock-dashboard/src/bff/ws/wsSingleton.ts",
    "statementMap": {
      "0": {
        "start": { "line": 1, "column": 0 },
        "end": { "line": 1, "column": 45 }
      },
      "1": {
        "start": { "line": 2, "column": 0 },
        "end": { "line": 2, "column": 50 }
      },
      "2": {
        "start": { "line": 9, "column": 27 },
        "end": { "line": 9, "column": 31 }
      },
      "3": {
        "start": { "line": 10, "column": 46 },
        "end": { "line": 10, "column": 50 }
      },
      "4": {
        "start": { "line": 11, "column": 50 },
        "end": { "line": 11, "column": 54 }
      },
      "5": {
        "start": { "line": 13, "column": 28 },
        "end": { "line": 46, "column": 1 }
      },
      "6": {
        "start": { "line": 17, "column": 2 },
        "end": { "line": 17, "column": 17 }
      },
      "7": {
        "start": { "line": 17, "column": 10 },
        "end": { "line": 17, "column": 17 }
      },
      "8": {
        "start": { "line": 20, "column": 4 },
        "end": { "line": 20, "column": 72 }
      },
      "9": {
        "start": { "line": 22, "column": 2 },
        "end": { "line": 22, "column": 28 }
      },
      "10": {
        "start": { "line": 24, "column": 2 },
        "end": { "line": 24, "column": 28 }
      },
      "11": {
        "start": { "line": 25, "column": 2 },
        "end": { "line": 25, "column": 34 }
      },
      "12": {
        "start": { "line": 27, "column": 2 },
        "end": { "line": 29, "column": 4 }
      },
      "13": {
        "start": { "line": 28, "column": 4 },
        "end": { "line": 28, "column": 58 }
      },
      "14": {
        "start": { "line": 31, "column": 2 },
        "end": { "line": 33, "column": 4 }
      },
      "15": {
        "start": { "line": 32, "column": 4 },
        "end": { "line": 32, "column": 61 }
      },
      "16": {
        "start": { "line": 35, "column": 2 },
        "end": { "line": 37, "column": 4 }
      },
      "17": {
        "start": { "line": 36, "column": 4 },
        "end": { "line": 36, "column": 54 }
      },
      "18": {
        "start": { "line": 39, "column": 2 },
        "end": { "line": 45, "column": 4 }
      },
      "19": {
        "start": { "line": 40, "column": 24 },
        "end": { "line": 40, "column": 46 }
      },
      "20": {
        "start": { "line": 41, "column": 4 },
        "end": { "line": 44, "column": 5 }
      },
      "21": {
        "start": { "line": 42, "column": 19 },
        "end": { "line": 42, "column": 51 }
      },
      "22": {
        "start": { "line": 43, "column": 6 },
        "end": { "line": 43, "column": 45 }
      },
      "23": {
        "start": { "line": 13, "column": 13 },
        "end": { "line": 13, "column": 28 }
      },
      "24": {
        "start": { "line": 48, "column": 39 },
        "end": { "line": 56, "column": 1 }
      },
      "25": {
        "start": { "line": 52, "column": 2 },
        "end": { "line": 55, "column": 3 }
      },
      "26": {
        "start": { "line": 53, "column": 20 },
        "end": { "line": 53, "column": 52 }
      },
      "27": {
        "start": { "line": 54, "column": 4 },
        "end": { "line": 54, "column": 21 }
      },
      "28": {
        "start": { "line": 48, "column": 13 },
        "end": { "line": 48, "column": 39 }
      },
      "29": {
        "start": { "line": 58, "column": 23 },
        "end": { "line": 63, "column": 1 }
      },
      "30": {
        "start": { "line": 59, "column": 2 },
        "end": { "line": 62, "column": 3 }
      },
      "31": {
        "start": { "line": 60, "column": 4 },
        "end": { "line": 60, "column": 15 }
      },
      "32": {
        "start": { "line": 61, "column": 4 },
        "end": { "line": 61, "column": 14 }
      },
      "33": {
        "start": { "line": 58, "column": 13 },
        "end": { "line": 58, "column": 23 }
      }
    },
    "fnMap": {
      "0": {
        "name": "(anonymous_0)",
        "decl": {
          "start": { "line": 13, "column": 28 },
          "end": { "line": 13, "column": null }
        },
        "loc": {
          "start": { "line": 16, "column": 10 },
          "end": { "line": 46, "column": 1 }
        }
      },
      "1": {
        "name": "(anonymous_1)",
        "decl": {
          "start": { "line": 27, "column": 14 },
          "end": { "line": 27, "column": 17 }
        },
        "loc": {
          "start": { "line": 27, "column": 19 },
          "end": { "line": 29, "column": 3 }
        }
      },
      "2": {
        "name": "(anonymous_2)",
        "decl": {
          "start": { "line": 31, "column": 15 },
          "end": { "line": 31, "column": 18 }
        },
        "loc": {
          "start": { "line": 31, "column": 20 },
          "end": { "line": 33, "column": 3 }
        }
      },
      "3": {
        "name": "(anonymous_3)",
        "decl": {
          "start": { "line": 35, "column": 15 },
          "end": { "line": 35, "column": 18 }
        },
        "loc": {
          "start": { "line": 35, "column": 20 },
          "end": { "line": 37, "column": 3 }
        }
      },
      "4": {
        "name": "(anonymous_4)",
        "decl": {
          "start": { "line": 39, "column": 17 },
          "end": { "line": 39, "column": 18 }
        },
        "loc": {
          "start": { "line": 39, "column": 27 },
          "end": { "line": 45, "column": 3 }
        }
      },
      "5": {
        "name": "(anonymous_5)",
        "decl": {
          "start": { "line": 48, "column": 39 },
          "end": { "line": 48, "column": null }
        },
        "loc": {
          "start": { "line": 51, "column": 10 },
          "end": { "line": 56, "column": 1 }
        }
      },
      "6": {
        "name": "(anonymous_6)",
        "decl": {
          "start": { "line": 58, "column": 23 },
          "end": { "line": 58, "column": 26 }
        },
        "loc": {
          "start": { "line": 58, "column": 28 },
          "end": { "line": 63, "column": 1 }
        }
      }
    },
    "branchMap": {
      "0": {
        "loc": {
          "start": { "line": 17, "column": 2 },
          "end": { "line": 17, "column": 17 }
        },
        "type": "if",
        "locations": [
          {
            "start": { "line": 17, "column": 2 },
            "end": { "line": 17, "column": 17 }
          },
          { "start": {}, "end": {} }
        ]
      },
      "1": {
        "loc": {
          "start": { "line": 28, "column": 4 },
          "end": { "line": 28, "column": 57 }
        },
        "type": "binary-expr",
        "locations": [
          {
            "start": { "line": 28, "column": 4 },
            "end": { "line": 28, "column": 18 }
          },
          {
            "start": { "line": 28, "column": 22 },
            "end": { "line": 28, "column": 57 }
          }
        ]
      },
      "2": {
        "loc": {
          "start": { "line": 32, "column": 4 },
          "end": { "line": 32, "column": 60 }
        },
        "type": "binary-expr",
        "locations": [
          {
            "start": { "line": 32, "column": 4 },
            "end": { "line": 32, "column": 18 }
          },
          {
            "start": { "line": 32, "column": 22 },
            "end": { "line": 32, "column": 60 }
          }
        ]
      },
      "3": {
        "loc": {
          "start": { "line": 36, "column": 4 },
          "end": { "line": 36, "column": 53 }
        },
        "type": "binary-expr",
        "locations": [
          {
            "start": { "line": 36, "column": 4 },
            "end": { "line": 36, "column": 18 }
          },
          {
            "start": { "line": 36, "column": 22 },
            "end": { "line": 36, "column": 53 }
          }
        ]
      },
      "4": {
        "loc": {
          "start": { "line": 41, "column": 4 },
          "end": { "line": 44, "column": 5 }
        },
        "type": "if",
        "locations": [
          {
            "start": { "line": 41, "column": 4 },
            "end": { "line": 44, "column": 5 }
          },
          { "start": {}, "end": {} }
        ]
      },
      "5": {
        "loc": {
          "start": { "line": 41, "column": 8 },
          "end": { "line": 41, "column": 56 }
        },
        "type": "binary-expr",
        "locations": [
          {
            "start": { "line": 41, "column": 8 },
            "end": { "line": 41, "column": 36 }
          },
          {
            "start": { "line": 41, "column": 40 },
            "end": { "line": 41, "column": 56 }
          }
        ]
      },
      "6": {
        "loc": {
          "start": { "line": 43, "column": 6 },
          "end": { "line": 43, "column": 44 }
        },
        "type": "binary-expr",
        "locations": [
          {
            "start": { "line": 43, "column": 6 },
            "end": { "line": 43, "column": 20 }
          },
          {
            "start": { "line": 43, "column": 24 },
            "end": { "line": 43, "column": 44 }
          }
        ]
      },
      "7": {
        "loc": {
          "start": { "line": 52, "column": 2 },
          "end": { "line": 55, "column": 3 }
        },
        "type": "if",
        "locations": [
          {
            "start": { "line": 52, "column": 2 },
            "end": { "line": 55, "column": 3 }
          },
          { "start": {}, "end": {} }
        ]
      },
      "8": {
        "loc": {
          "start": { "line": 52, "column": 6 },
          "end": { "line": 52, "column": 44 }
        },
        "type": "binary-expr",
        "locations": [
          {
            "start": { "line": 52, "column": 6 },
            "end": { "line": 52, "column": 8 }
          },
          {
            "start": { "line": 52, "column": 12 },
            "end": { "line": 52, "column": 44 }
          }
        ]
      },
      "9": {
        "loc": {
          "start": { "line": 59, "column": 2 },
          "end": { "line": 62, "column": 3 }
        },
        "type": "if",
        "locations": [
          {
            "start": { "line": 59, "column": 2 },
            "end": { "line": 62, "column": 3 }
          },
          { "start": {}, "end": {} }
        ]
      },
      "10": {
        "loc": {
          "start": { "line": 59, "column": 6 },
          "end": { "line": 59, "column": 44 }
        },
        "type": "binary-expr",
        "locations": [
          {
            "start": { "line": 59, "column": 6 },
            "end": { "line": 59, "column": 8 }
          },
          {
            "start": { "line": 59, "column": 12 },
            "end": { "line": 59, "column": 44 }
          }
        ]
      }
    },
    "s": {
      "0": 1,
      "1": 1,
      "2": 1,
      "3": 1,
      "4": 1,
      "5": 1,
      "6": 13,
      "7": 12,
      "8": 1,
      "9": 1,
      "10": 1,
      "11": 1,
      "12": 1,
      "13": 1,
      "14": 1,
      "15": 1,
      "16": 1,
      "17": 1,
      "18": 1,
      "19": 2,
      "20": 2,
      "21": 1,
      "22": 1,
      "23": 1,
      "24": 1,
      "25": 3,
      "26": 0,
      "27": 0,
      "28": 1,
      "29": 1,
      "30": 2,
      "31": 0,
      "32": 0,
      "33": 1
    },
    "f": { "0": 13, "1": 1, "2": 1, "3": 1, "4": 2, "5": 3, "6": 2 },
    "b": {
      "0": [12, 1],
      "1": [1, 1],
      "2": [1, 1],
      "3": [1, 1],
      "4": [1, 1],
      "5": [2, 1],
      "6": [1, 1],
      "7": [0, 3],
      "8": [3, 3],
      "9": [0, 2],
      "10": [2, 2]
    }
  },
  "/Users/jessicagalvis/code/stock-dashboard/src/ui/index.ts": {
    "path": "/Users/jessicagalvis/code/stock-dashboard/src/ui/index.ts",
    "statementMap": {
      "0": {
        "start": { "line": 1, "column": 0 },
        "end": { "line": 1, "column": 24 }
      },
      "1": {
        "start": { "line": 2, "column": 0 },
        "end": { "line": 2, "column": 24 }
      },
      "2": {
        "start": { "line": 3, "column": 0 },
        "end": { "line": 3, "column": 29 }
      }
    },
    "fnMap": {},
    "branchMap": {},
    "s": { "0": 1, "1": 1, "2": 1 },
    "f": {},
    "b": {}
  },
  "/Users/jessicagalvis/code/stock-dashboard/src/ui/components/index.ts": {
    "path": "/Users/jessicagalvis/code/stock-dashboard/src/ui/components/index.ts",
    "statementMap": {
      "0": {
        "start": { "line": 1, "column": 0 },
        "end": { "line": 1, "column": 28 }
      },
      "1": {
        "start": { "line": 2, "column": 0 },
        "end": { "line": 2, "column": 29 }
      },
      "2": {
        "start": { "line": 3, "column": 0 },
        "end": { "line": 3, "column": 25 }
      }
    },
    "fnMap": {},
    "branchMap": {},
    "s": { "0": 1, "1": 1, "2": 1 },
    "f": {},
    "b": {}
  },
  "/Users/jessicagalvis/code/stock-dashboard/src/ui/components/StockChart/StockChartsComponent.tsx": {
    "path": "/Users/jessicagalvis/code/stock-dashboard/src/ui/components/StockChart/StockChartsComponent.tsx",
    "statementMap": {
      "0": {
        "start": { "line": 1, "column": 0 },
        "end": { "line": 1, "column": 36 }
      },
      "1": {
        "start": { "line": 2, "column": 0 },
        "end": { "line": 2, "column": 38 }
      },
      "2": {
        "start": { "line": 3, "column": 0 },
        "end": { "line": 3, "column": 60 }
      },
      "3": {
        "start": { "line": 4, "column": 0 },
        "end": { "line": 4, "column": 51 }
      },
      "4": {
        "start": { "line": 5, "column": 0 },
        "end": { "line": 5, "column": 36 }
      },
      "5": {
        "start": { "line": 6, "column": 0 },
        "end": { "line": 6, "column": 45 }
      },
      "6": {
        "start": { "line": 8, "column": 39 },
        "end": { "line": 60, "column": 1 }
      },
      "7": {
        "start": { "line": 9, "column": 16 },
        "end": { "line": 9, "column": 26 }
      },
      "8": {
        "start": { "line": 10, "column": 22 },
        "end": { "line": 11, "column": null }
      },
      "9": {
        "start": { "line": 11, "column": 26 },
        "end": { "line": 11, "column": 60 }
      },
      "10": {
        "start": { "line": 14, "column": 2 },
        "end": { "line": 32, "column": 3 }
      },
      "11": {
        "start": { "line": 15, "column": 4 },
        "end": { "line": 31, "column": 6 }
      },
      "12": {
        "start": { "line": 34, "column": 2 },
        "end": { "line": 59, "column": 4 }
      },
      "13": {
        "start": { "line": 55, "column": 10 },
        "end": { "line": 55, "column": 54 }
      },
      "14": {
        "start": { "line": 62, "column": 13 },
        "end": { "line": 62, "column": 63 }
      }
    },
    "fnMap": {
      "0": {
        "name": "(anonymous_9)",
        "decl": {
          "start": { "line": 8, "column": 39 },
          "end": { "line": 8, "column": 42 }
        },
        "loc": {
          "start": { "line": 8, "column": 44 },
          "end": { "line": 60, "column": 1 }
        }
      },
      "1": {
        "name": "(anonymous_10)",
        "decl": {
          "start": { "line": 11, "column": 15 },
          "end": { "line": 11, "column": 16 }
        },
        "loc": {
          "start": { "line": 11, "column": 26 },
          "end": { "line": 11, "column": 60 }
        }
      },
      "2": {
        "name": "(anonymous_11)",
        "decl": {
          "start": { "line": 54, "column": 25 },
          "end": { "line": 54, "column": 26 }
        },
        "loc": {
          "start": { "line": 55, "column": 10 },
          "end": { "line": 55, "column": 54 }
        }
      }
    },
    "branchMap": {
      "0": {
        "loc": {
          "start": { "line": 14, "column": 2 },
          "end": { "line": 32, "column": 3 }
        },
        "type": "if",
        "locations": [
          {
            "start": { "line": 14, "column": 2 },
            "end": { "line": 32, "column": 3 }
          },
          { "start": {}, "end": {} }
        ]
      }
    },
    "s": {
      "0": 1,
      "1": 1,
      "2": 1,
      "3": 1,
      "4": 1,
      "5": 1,
      "6": 1,
      "7": 0,
      "8": 0,
      "9": 0,
      "10": 0,
      "11": 0,
      "12": 0,
      "13": 0,
      "14": 1
    },
    "f": { "0": 0, "1": 0, "2": 0 },
    "b": { "0": [0, 0] }
  },
  "/Users/jessicagalvis/code/stock-dashboard/src/ui/components/StockChart/index.ts": {
    "path": "/Users/jessicagalvis/code/stock-dashboard/src/ui/components/StockChart/index.ts",
    "statementMap": {
      "0": {
        "start": { "line": 1, "column": 0 },
        "end": { "line": 1, "column": 39 }
      }
    },
    "fnMap": {},
    "branchMap": {},
    "s": { "0": 1 },
    "f": {},
    "b": {}
  },
  "/Users/jessicagalvis/code/stock-dashboard/src/ui/components/StockChart/components/StockChartComponent.tsx": {
    "path": "/Users/jessicagalvis/code/stock-dashboard/src/ui/components/StockChart/components/StockChartComponent.tsx",
    "statementMap": {
      "0": {
        "start": { "line": 1, "column": 0 },
        "end": { "line": 1, "column": 55 }
      },
      "1": {
        "start": { "line": 2, "column": 0 },
        "end": { "line": 2, "column": 48 }
      },
      "2": {
        "start": { "line": 3, "column": 0 },
        "end": { "line": 3, "column": 34 }
      },
      "3": {
        "start": { "line": 6, "column": 53 },
        "end": { "line": 94, "column": 1 }
      },
      "4": {
        "start": { "line": 11, "column": 20 },
        "end": { "line": 11, "column": 51 }
      },
      "5": {
        "start": { "line": 12, "column": 27 },
        "end": { "line": 12, "column": 53 }
      },
      "6": {
        "start": { "line": 14, "column": 2 },
        "end": { "line": 55, "column": 21 }
      },
      "7": {
        "start": { "line": 15, "column": 4 },
        "end": { "line": 15, "column": 35 }
      },
      "8": {
        "start": { "line": 15, "column": 28 },
        "end": { "line": 15, "column": 35 }
      },
      "9": {
        "start": { "line": 17, "column": 4 },
        "end": { "line": 19, "column": 5 }
      },
      "10": {
        "start": { "line": 18, "column": 6 },
        "end": { "line": 18, "column": 41 }
      },
      "11": {
        "start": { "line": 21, "column": 4 },
        "end": { "line": 48, "column": 7 }
      },
      "12": {
        "start": { "line": 50, "column": 4 },
        "end": { "line": 54, "column": 6 }
      },
      "13": {
        "start": { "line": 51, "column": 6 },
        "end": { "line": 53, "column": 7 }
      },
      "14": {
        "start": { "line": 52, "column": 8 },
        "end": { "line": 52, "column": 43 }
      },
      "15": {
        "start": { "line": 57, "column": 2 },
        "end": { "line": 74, "column": 14 }
      },
      "16": {
        "start": { "line": 58, "column": 4 },
        "end": { "line": 73, "column": 5 }
      },
      "17": {
        "start": { "line": 59, "column": 20 },
        "end": { "line": 59, "column": 44 }
      },
      "18": {
        "start": { "line": 60, "column": 18 },
        "end": { "line": 60, "column": 28 }
      },
      "19": {
        "start": { "line": 61, "column": 24 },
        "end": { "line": 61, "column": 48 }
      },
      "20": {
        "start": { "line": 63, "column": 6 },
        "end": { "line": 63, "column": 41 }
      },
      "21": {
        "start": { "line": 64, "column": 6 },
        "end": { "line": 64, "column": 46 }
      },
      "22": {
        "start": { "line": 66, "column": 24 },
        "end": { "line": 66, "column": 26 }
      },
      "23": {
        "start": { "line": 67, "column": 6 },
        "end": { "line": 70, "column": 7 }
      },
      "24": {
        "start": { "line": 68, "column": 8 },
        "end": { "line": 68, "column": 35 }
      },
      "25": {
        "start": { "line": 69, "column": 8 },
        "end": { "line": 69, "column": 44 }
      },
      "26": {
        "start": { "line": 72, "column": 6 },
        "end": { "line": 72, "column": 27 }
      },
      "27": {
        "start": { "line": 76, "column": 2 },
        "end": { "line": 93, "column": 4 }
      },
      "28": {
        "start": { "line": 96, "column": 13 },
        "end": { "line": 96, "column": 61 }
      }
    },
    "fnMap": {
      "0": {
        "name": "(anonymous_10)",
        "decl": {
          "start": { "line": 6, "column": 53 },
          "end": { "line": 6, "column": 54 }
        },
        "loc": {
          "start": { "line": 10, "column": 5 },
          "end": { "line": 94, "column": 1 }
        }
      },
      "1": {
        "name": "(anonymous_11)",
        "decl": {
          "start": { "line": 14, "column": 12 },
          "end": { "line": 14, "column": 15 }
        },
        "loc": {
          "start": { "line": 14, "column": 17 },
          "end": { "line": 55, "column": 3 }
        }
      },
      "2": {
        "name": "(anonymous_12)",
        "decl": {
          "start": { "line": 50, "column": 11 },
          "end": { "line": 50, "column": 14 }
        },
        "loc": {
          "start": { "line": 50, "column": 16 },
          "end": { "line": 54, "column": 5 }
        }
      },
      "3": {
        "name": "(anonymous_13)",
        "decl": {
          "start": { "line": 57, "column": 12 },
          "end": { "line": 57, "column": 15 }
        },
        "loc": {
          "start": { "line": 57, "column": 17 },
          "end": { "line": 74, "column": 3 }
        }
      }
    },
    "branchMap": {
      "0": {
        "loc": {
          "start": { "line": 15, "column": 4 },
          "end": { "line": 15, "column": 35 }
        },
        "type": "if",
        "locations": [
          {
            "start": { "line": 15, "column": 4 },
            "end": { "line": 15, "column": 35 }
          },
          { "start": {}, "end": {} }
        ]
      },
      "1": {
        "loc": {
          "start": { "line": 17, "column": 4 },
          "end": { "line": 19, "column": 5 }
        },
        "type": "if",
        "locations": [
          {
            "start": { "line": 17, "column": 4 },
            "end": { "line": 19, "column": 5 }
          },
          { "start": {}, "end": {} }
        ]
      },
      "2": {
        "loc": {
          "start": { "line": 51, "column": 6 },
          "end": { "line": 53, "column": 7 }
        },
        "type": "if",
        "locations": [
          {
            "start": { "line": 51, "column": 6 },
            "end": { "line": 53, "column": 7 }
          },
          { "start": {}, "end": {} }
        ]
      },
      "3": {
        "loc": {
          "start": { "line": 58, "column": 4 },
          "end": { "line": 73, "column": 5 }
        },
        "type": "if",
        "locations": [
          {
            "start": { "line": 58, "column": 4 },
            "end": { "line": 73, "column": 5 }
          },
          { "start": {}, "end": {} }
        ]
      },
      "4": {
        "loc": {
          "start": { "line": 58, "column": 8 },
          "end": { "line": 58, "column": 45 }
        },
        "type": "binary-expr",
        "locations": [
          {
            "start": { "line": 58, "column": 8 },
            "end": { "line": 58, "column": 32 }
          },
          {
            "start": { "line": 58, "column": 36 },
            "end": { "line": 58, "column": 45 }
          }
        ]
      },
      "5": {
        "loc": {
          "start": { "line": 67, "column": 6 },
          "end": { "line": 70, "column": 7 }
        },
        "type": "if",
        "locations": [
          {
            "start": { "line": 67, "column": 6 },
            "end": { "line": 70, "column": 7 }
          },
          { "start": {}, "end": {} }
        ]
      }
    },
    "s": {
      "0": 1,
      "1": 1,
      "2": 1,
      "3": 1,
      "4": 0,
      "5": 0,
      "6": 0,
      "7": 0,
      "8": 0,
      "9": 0,
      "10": 0,
      "11": 0,
      "12": 0,
      "13": 0,
      "14": 0,
      "15": 0,
      "16": 0,
      "17": 0,
      "18": 0,
      "19": 0,
      "20": 0,
      "21": 0,
      "22": 0,
      "23": 0,
      "24": 0,
      "25": 0,
      "26": 0,
      "27": 0,
      "28": 1
    },
    "f": { "0": 0, "1": 0, "2": 0, "3": 0 },
    "b": {
      "0": [0, 0],
      "1": [0, 0],
      "2": [0, 0],
      "3": [0, 0],
      "4": [0, 0],
      "5": [0, 0]
    }
  },
  "/Users/jessicagalvis/code/stock-dashboard/src/ui/components/StockChart/components/index.ts": {
    "path": "/Users/jessicagalvis/code/stock-dashboard/src/ui/components/StockChart/components/index.ts",
    "statementMap": {
      "0": {
        "start": { "line": 1, "column": 0 },
        "end": { "line": 1, "column": 38 }
      }
    },
    "fnMap": {},
    "branchMap": {},
    "s": { "0": 1 },
    "f": {},
    "b": {}
  },
  "/Users/jessicagalvis/code/stock-dashboard/src/ui/components/StockForm/StockFormComponent.tsx": {
    "path": "/Users/jessicagalvis/code/stock-dashboard/src/ui/components/StockForm/StockFormComponent.tsx",
    "statementMap": {
      "0": {
        "start": { "line": 1, "column": 0 },
        "end": { "line": 1, "column": null }
      },
      "1": {
        "start": { "line": 12, "column": 0 },
        "end": { "line": 12, "column": 54 }
      },
      "2": {
        "start": { "line": 13, "column": 0 },
        "end": { "line": 13, "column": 75 }
      },
      "3": {
        "start": { "line": 14, "column": 0 },
        "end": { "line": 14, "column": 46 }
      },
      "4": {
        "start": { "line": 18, "column": 44 },
        "end": { "line": 128, "column": 1 }
      },
      "5": {
        "start": { "line": 19, "column": 16 },
        "end": { "line": 19, "column": 26 }
      },
      "6": {
        "start": { "line": 25, "column": 6 },
        "end": { "line": 31, "column": 4 }
      },
      "7": {
        "start": { "line": 33, "column": 19 },
        "end": { "line": 33, "column": 66 }
      },
      "8": {
        "start": { "line": 33, "column": 44 },
        "end": { "line": 33, "column": 65 }
      },
      "9": {
        "start": { "line": 35, "column": 19 },
        "end": { "line": 50, "column": 3 }
      },
      "10": {
        "start": { "line": 36, "column": 35 },
        "end": { "line": 36, "column": 39 }
      },
      "11": {
        "start": { "line": 38, "column": 4 },
        "end": { "line": 38, "column": 24 }
      },
      "12": {
        "start": { "line": 38, "column": 17 },
        "end": { "line": 38, "column": 24 }
      },
      "13": {
        "start": { "line": 40, "column": 17 },
        "end": { "line": 42, "column": 11 }
      },
      "14": {
        "start": { "line": 41, "column": 19 },
        "end": { "line": 41, "column": 44 }
      },
      "15": {
        "start": { "line": 44, "column": 4 },
        "end": { "line": 44, "column": 39 }
      },
      "16": {
        "start": { "line": 46, "column": 4 },
        "end": { "line": 49, "column": 7 }
      },
      "17": {
        "start": { "line": 52, "column": 2 },
        "end": { "line": 127, "column": 4 }
      },
      "18": {
        "start": { "line": 67, "column": 14 },
        "end": { "line": 91, "column": null }
      },
      "19": {
        "start": { "line": 88, "column": 18 },
        "end": { "line": 88, "column": 43 }
      },
      "20": {
        "start": { "line": 105, "column": 12 },
        "end": { "line": 113, "column": null }
      },
      "21": {
        "start": { "line": 18, "column": 13 },
        "end": { "line": 18, "column": 44 }
      }
    },
    "fnMap": {
      "0": {
        "name": "(anonymous_1)",
        "decl": {
          "start": { "line": 18, "column": 44 },
          "end": { "line": 18, "column": 47 }
        },
        "loc": {
          "start": { "line": 18, "column": 49 },
          "end": { "line": 128, "column": 1 }
        }
      },
      "1": {
        "name": "(anonymous_2)",
        "decl": {
          "start": { "line": 33, "column": 33 },
          "end": { "line": 33, "column": 34 }
        },
        "loc": {
          "start": { "line": 33, "column": 44 },
          "end": { "line": 33, "column": 65 }
        }
      },
      "2": {
        "name": "(anonymous_3)",
        "decl": {
          "start": { "line": 35, "column": 19 },
          "end": { "line": 35, "column": 20 }
        },
        "loc": {
          "start": { "line": 35, "column": 40 },
          "end": { "line": 50, "column": 3 }
        }
      },
      "3": {
        "name": "(anonymous_4)",
        "decl": {
          "start": { "line": 41, "column": 6 },
          "end": { "line": 41, "column": 7 }
        },
        "loc": {
          "start": { "line": 41, "column": 19 },
          "end": { "line": 41, "column": 44 }
        }
      },
      "4": {
        "name": "(anonymous_5)",
        "decl": {
          "start": { "line": 66, "column": 20 },
          "end": { "line": 66, "column": 21 }
        },
        "loc": {
          "start": { "line": 67, "column": 14 },
          "end": { "line": 91, "column": null }
        }
      },
      "5": {
        "name": "(anonymous_6)",
        "decl": {
          "start": { "line": 87, "column": 36 },
          "end": { "line": 87, "column": 37 }
        },
        "loc": {
          "start": { "line": 88, "column": 18 },
          "end": { "line": 88, "column": 43 }
        }
      },
      "6": {
        "name": "(anonymous_7)",
        "decl": {
          "start": { "line": 104, "column": 18 },
          "end": { "line": 104, "column": 19 }
        },
        "loc": {
          "start": { "line": 105, "column": 12 },
          "end": { "line": 113, "column": null }
        }
      }
    },
    "branchMap": {
      "0": {
        "loc": {
          "start": { "line": 38, "column": 4 },
          "end": { "line": 38, "column": 24 }
        },
        "type": "if",
        "locations": [
          {
            "start": { "line": 38, "column": 4 },
            "end": { "line": 38, "column": 24 }
          },
          { "start": {}, "end": {} }
        ]
      },
      "1": {
        "loc": {
          "start": { "line": 96, "column": 9 },
          "end": { "line": 99, "column": null }
        },
        "type": "binary-expr",
        "locations": [
          {
            "start": { "line": 96, "column": 9 },
            "end": { "line": 96, "column": 22 }
          },
          {
            "start": { "line": 97, "column": 10 },
            "end": { "line": 98, "column": null }
          }
        ]
      }
    },
    "s": {
      "0": 1,
      "1": 1,
      "2": 1,
      "3": 1,
      "4": 1,
      "5": 0,
      "6": 0,
      "7": 0,
      "8": 0,
      "9": 0,
      "10": 0,
      "11": 0,
      "12": 0,
      "13": 0,
      "14": 0,
      "15": 0,
      "16": 0,
      "17": 0,
      "18": 0,
      "19": 0,
      "20": 0,
      "21": 1
    },
    "f": { "0": 0, "1": 0, "2": 0, "3": 0, "4": 0, "5": 0, "6": 0 },
    "b": { "0": [0, 0], "1": [0, 0] }
  },
  "/Users/jessicagalvis/code/stock-dashboard/src/ui/components/StockForm/index.ts": {
    "path": "/Users/jessicagalvis/code/stock-dashboard/src/ui/components/StockForm/index.ts",
    "statementMap": {
      "0": {
        "start": { "line": 1, "column": 0 },
        "end": { "line": 1, "column": 37 }
      }
    },
    "fnMap": {},
    "branchMap": {},
    "s": { "0": 1 },
    "f": {},
    "b": {}
  },
  "/Users/jessicagalvis/code/stock-dashboard/src/ui/components/TopBar/TopCardsComponent.tsx": {
    "path": "/Users/jessicagalvis/code/stock-dashboard/src/ui/components/TopBar/TopCardsComponent.tsx",
    "statementMap": {
      "0": {
        "start": { "line": 1, "column": 0 },
        "end": { "line": 1, "column": 36 }
      },
      "1": {
        "start": { "line": 2, "column": 0 },
        "end": { "line": 2, "column": 38 }
      },
      "2": {
        "start": { "line": 3, "column": 0 },
        "end": { "line": 3, "column": 51 }
      },
      "3": {
        "start": { "line": 4, "column": 0 },
        "end": { "line": 4, "column": 54 }
      },
      "4": {
        "start": { "line": 5, "column": 0 },
        "end": { "line": 5, "column": 50 }
      },
      "5": {
        "start": { "line": 7, "column": 43 },
        "end": { "line": 38, "column": 1 }
      },
      "6": {
        "start": { "line": 8, "column": 22 },
        "end": { "line": 9, "column": null }
      },
      "7": {
        "start": { "line": 9, "column": 26 },
        "end": { "line": 9, "column": 60 }
      },
      "8": {
        "start": { "line": 12, "column": 2 },
        "end": { "line": 27, "column": 3 }
      },
      "9": {
        "start": { "line": 13, "column": 4 },
        "end": { "line": 26, "column": 6 }
      },
      "10": {
        "start": { "line": 28, "column": 2 },
        "end": { "line": 28, "column": 5 }
      },
      "11": {
        "start": { "line": 29, "column": 2 },
        "end": { "line": 37, "column": 4 }
      },
      "12": {
        "start": { "line": 32, "column": 8 },
        "end": { "line": 32, "column": null }
      },
      "13": {
        "start": { "line": 40, "column": 13 },
        "end": { "line": 40, "column": 64 }
      }
    },
    "fnMap": {
      "0": {
        "name": "(anonymous_9)",
        "decl": {
          "start": { "line": 7, "column": 43 },
          "end": { "line": 7, "column": 46 }
        },
        "loc": {
          "start": { "line": 7, "column": 48 },
          "end": { "line": 38, "column": 1 }
        }
      },
      "1": {
        "name": "(anonymous_10)",
        "decl": {
          "start": { "line": 9, "column": 15 },
          "end": { "line": 9, "column": 16 }
        },
        "loc": {
          "start": { "line": 9, "column": 26 },
          "end": { "line": 9, "column": 60 }
        }
      },
      "2": {
        "name": "(anonymous_11)",
        "decl": {
          "start": { "line": 31, "column": 23 },
          "end": { "line": 31, "column": 24 }
        },
        "loc": {
          "start": { "line": 32, "column": 8 },
          "end": { "line": 32, "column": null }
        }
      }
    },
    "branchMap": {
      "0": {
        "loc": {
          "start": { "line": 12, "column": 2 },
          "end": { "line": 27, "column": 3 }
        },
        "type": "if",
        "locations": [
          {
            "start": { "line": 12, "column": 2 },
            "end": { "line": 27, "column": 3 }
          },
          { "start": {}, "end": {} }
        ]
      }
    },
    "s": {
      "0": 1,
      "1": 1,
      "2": 1,
      "3": 1,
      "4": 1,
      "5": 1,
      "6": 0,
      "7": 0,
      "8": 0,
      "9": 0,
      "10": 0,
      "11": 0,
      "12": 0,
      "13": 1
    },
    "f": { "0": 0, "1": 0, "2": 0 },
    "b": { "0": [0, 0] }
  },
  "/Users/jessicagalvis/code/stock-dashboard/src/ui/components/TopBar/index.ts": {
    "path": "/Users/jessicagalvis/code/stock-dashboard/src/ui/components/TopBar/index.ts",
    "statementMap": {
      "0": {
        "start": { "line": 1, "column": 0 },
        "end": { "line": 1, "column": 36 }
      }
    },
    "fnMap": {},
    "branchMap": {},
    "s": { "0": 1 },
    "f": {},
    "b": {}
  },
  "/Users/jessicagalvis/code/stock-dashboard/src/ui/components/TopBar/components/StockCardComponent.tsx": {
    "path": "/Users/jessicagalvis/code/stock-dashboard/src/ui/components/TopBar/components/StockCardComponent.tsx",
    "statementMap": {
      "0": {
        "start": { "line": 1, "column": 0 },
        "end": { "line": 1, "column": 36 }
      },
      "1": {
        "start": { "line": 2, "column": 0 },
        "end": { "line": 2, "column": 55 }
      },
      "2": {
        "start": { "line": 5, "column": 52 },
        "end": { "line": 56, "column": 1 }
      },
      "3": {
        "start": { "line": 11, "column": 21 },
        "end": { "line": 11, "column": 39 }
      },
      "4": {
        "start": { "line": 12, "column": 16 },
        "end": { "line": 12, "column": 50 }
      },
      "5": {
        "start": { "line": 14, "column": 2 },
        "end": { "line": 55, "column": 4 }
      },
      "6": {
        "start": { "line": 58, "column": 13 },
        "end": { "line": 58, "column": 59 }
      }
    },
    "fnMap": {
      "0": {
        "name": "(anonymous_9)",
        "decl": {
          "start": { "line": 5, "column": 52 },
          "end": { "line": 5, "column": 53 }
        },
        "loc": {
          "start": { "line": 10, "column": 5 },
          "end": { "line": 56, "column": 1 }
        }
      }
    },
    "branchMap": {
      "0": {
        "loc": {
          "start": { "line": 12, "column": 16 },
          "end": { "line": 12, "column": 50 }
        },
        "type": "cond-expr",
        "locations": [
          {
            "start": { "line": 12, "column": 29 },
            "end": { "line": 12, "column": 38 }
          },
          {
            "start": { "line": 12, "column": 41 },
            "end": { "line": 12, "column": 50 }
          }
        ]
      },
      "1": {
        "loc": {
          "start": { "line": 35, "column": 9 },
          "end": { "line": 35, "column": 39 }
        },
        "type": "binary-expr",
        "locations": [
          {
            "start": { "line": 35, "column": 9 },
            "end": { "line": 35, "column": 29 }
          },
          {
            "start": { "line": 35, "column": 33 },
            "end": { "line": 35, "column": 39 }
          }
        ]
      },
      "2": {
        "loc": {
          "start": { "line": 51, "column": 11 },
          "end": { "line": 51, "column": 33 }
        },
        "type": "cond-expr",
        "locations": [
          {
            "start": { "line": 51, "column": 24 },
            "end": { "line": 51, "column": 27 }
          },
          {
            "start": { "line": 51, "column": 30 },
            "end": { "line": 51, "column": 33 }
          }
        ]
      }
    },
    "s": { "0": 1, "1": 1, "2": 1, "3": 0, "4": 0, "5": 0, "6": 1 },
    "f": { "0": 0 },
    "b": { "0": [0, 0], "1": [0, 0], "2": [0, 0] }
  },
  "/Users/jessicagalvis/code/stock-dashboard/src/ui/components/TopBar/components/index.ts": {
    "path": "/Users/jessicagalvis/code/stock-dashboard/src/ui/components/TopBar/components/index.ts",
    "statementMap": {
      "0": {
        "start": { "line": 1, "column": 0 },
        "end": { "line": 1, "column": 37 }
      }
    },
    "fnMap": {},
    "branchMap": {},
    "s": { "0": 1 },
    "f": {},
    "b": {}
  },
  "/Users/jessicagalvis/code/stock-dashboard/src/ui/store/constants.ts": {
    "path": "/Users/jessicagalvis/code/stock-dashboard/src/ui/store/constants.ts",
    "statementMap": {
      "0": {
        "start": { "line": 3, "column": 13 },
        "end": { "line": 24, "column": 2 }
      }
    },
    "fnMap": {},
    "branchMap": {},
    "s": { "0": 1 },
    "f": {},
    "b": {}
  },
  "/Users/jessicagalvis/code/stock-dashboard/src/ui/store/index.ts": {
    "path": "/Users/jessicagalvis/code/stock-dashboard/src/ui/store/index.ts",
    "statementMap": {
      "0": {
        "start": { "line": 1, "column": 0 },
        "end": { "line": 1, "column": 24 }
      },
      "1": {
        "start": { "line": 2, "column": 0 },
        "end": { "line": 2, "column": 24 }
      },
      "2": {
        "start": { "line": 3, "column": 0 },
        "end": { "line": 3, "column": 28 }
      }
    },
    "fnMap": {},
    "branchMap": {},
    "s": { "0": 1, "1": 1, "2": 1 },
    "f": {},
    "b": {}
  },
  "/Users/jessicagalvis/code/stock-dashboard/src/ui/store/store.ts": {
    "path": "/Users/jessicagalvis/code/stock-dashboard/src/ui/store/store.ts",
    "statementMap": {
      "0": {
        "start": { "line": 1, "column": 0 },
        "end": { "line": 1, "column": 62 }
      },
      "1": {
        "start": { "line": 2, "column": 0 },
        "end": { "line": 2, "column": 33 }
      },
      "2": {
        "start": { "line": 3, "column": 0 },
        "end": { "line": 3, "column": 53 }
      },
      "3": {
        "start": { "line": 4, "column": 0 },
        "end": { "line": 4, "column": 66 }
      },
      "4": {
        "start": { "line": 6, "column": 35 },
        "end": { "line": 10, "column": 2 }
      },
      "5": {
        "start": { "line": 12, "column": 13 },
        "end": { "line": 101, "column": 4 }
      },
      "6": {
        "start": { "line": 12, "column": 64 },
        "end": { "line": 101, "column": 2 }
      },
      "7": {
        "start": { "line": 15, "column": 30 },
        "end": { "line": 15, "column": 52 }
      },
      "8": {
        "start": { "line": 16, "column": 31 },
        "end": { "line": 16, "column": 48 }
      },
      "9": {
        "start": { "line": 18, "column": 4 },
        "end": { "line": 18, "column": 56 }
      },
      "10": {
        "start": { "line": 19, "column": 4 },
        "end": { "line": 19, "column": 60 }
      },
      "11": {
        "start": { "line": 22, "column": 4 },
        "end": { "line": 22, "column": 22 }
      },
      "12": {
        "start": { "line": 26, "column": 4 },
        "end": { "line": 26, "column": 54 }
      },
      "13": {
        "start": { "line": 28, "column": 4 },
        "end": { "line": 62, "column": 7 }
      },
      "14": {
        "start": { "line": 29, "column": 6 },
        "end": { "line": 31, "column": 7 }
      },
      "15": {
        "start": { "line": 30, "column": 8 },
        "end": { "line": 30, "column": 21 }
      },
      "16": {
        "start": { "line": 32, "column": 28 },
        "end": { "line": 32, "column": 47 }
      },
      "17": {
        "start": { "line": 34, "column": 6 },
        "end": { "line": 60, "column": 7 }
      },
      "18": {
        "start": { "line": 35, "column": 30 },
        "end": { "line": 35, "column": 57 }
      },
      "19": {
        "start": { "line": 36, "column": 8 },
        "end": { "line": 39, "column": 9 }
      },
      "20": {
        "start": { "line": 37, "column": 10 },
        "end": { "line": 37, "column": 74 }
      },
      "21": {
        "start": { "line": 38, "column": 10 },
        "end": { "line": 38, "column": 19 }
      },
      "22": {
        "start": { "line": 41, "column": 30 },
        "end": { "line": 41, "column": 56 }
      },
      "23": {
        "start": { "line": 43, "column": 33 },
        "end": { "line": 45, "column": null }
      },
      "24": {
        "start": { "line": 48, "column": 8 },
        "end": { "line": 59, "column": 9 }
      },
      "25": {
        "start": { "line": 49, "column": 10 },
        "end": { "line": 58, "column": 12 }
      },
      "26": {
        "start": { "line": 61, "column": 6 },
        "end": { "line": 61, "column": 31 }
      },
      "27": {
        "start": { "line": 65, "column": 4 },
        "end": { "line": 65, "column": 62 }
      },
      "28": {
        "start": { "line": 67, "column": 4 },
        "end": { "line": 67, "column": 49 }
      },
      "29": {
        "start": { "line": 69, "column": 4 },
        "end": { "line": 85, "column": 7 }
      },
      "30": {
        "start": { "line": 70, "column": 28 },
        "end": { "line": 70, "column": 47 }
      },
      "31": {
        "start": { "line": 71, "column": 6 },
        "end": { "line": 84, "column": 8 }
      },
      "32": {
        "start": { "line": 88, "column": 4 },
        "end": { "line": 88, "column": 68 }
      },
      "33": {
        "start": { "line": 90, "column": 4 },
        "end": { "line": 90, "column": 51 }
      },
      "34": {
        "start": { "line": 92, "column": 4 },
        "end": { "line": 99, "column": 7 }
      },
      "35": {
        "start": { "line": 93, "column": 31 },
        "end": { "line": 93, "column": 57 }
      },
      "36": {
        "start": { "line": 94, "column": 6 },
        "end": { "line": 94, "column": 38 }
      },
      "37": {
        "start": { "line": 96, "column": 6 },
        "end": { "line": 98, "column": 8 }
      }
    },
    "fnMap": {
      "0": {
        "name": "(anonymous_0)",
        "decl": {
          "start": { "line": 12, "column": 49 },
          "end": { "line": 12, "column": 50 }
        },
        "loc": {
          "start": { "line": 12, "column": 64 },
          "end": { "line": 101, "column": 2 }
        }
      },
      "1": {
        "name": "(anonymous_1)",
        "decl": {
          "start": { "line": 14, "column": 19 },
          "end": { "line": 14, "column": 22 }
        },
        "loc": {
          "start": { "line": 14, "column": 24 },
          "end": { "line": 20, "column": 3 }
        }
      },
      "2": {
        "name": "(anonymous_2)",
        "decl": {
          "start": { "line": 21, "column": 15 },
          "end": { "line": 21, "column": 16 }
        },
        "loc": {
          "start": { "line": 21, "column": 28 },
          "end": { "line": 23, "column": 3 }
        }
      },
      "3": {
        "name": "(anonymous_3)",
        "decl": {
          "start": { "line": 25, "column": 20 },
          "end": { "line": 25, "column": 21 }
        },
        "loc": {
          "start": { "line": 25, "column": 29 },
          "end": { "line": 63, "column": 3 }
        }
      },
      "4": {
        "name": "(anonymous_4)",
        "decl": {
          "start": { "line": 28, "column": 8 },
          "end": { "line": 28, "column": 9 }
        },
        "loc": {
          "start": { "line": 28, "column": 18 },
          "end": { "line": 62, "column": 5 }
        }
      },
      "5": {
        "name": "(anonymous_5)",
        "decl": {
          "start": { "line": 64, "column": 19 },
          "end": { "line": 64, "column": 20 }
        },
        "loc": {
          "start": { "line": 64, "column": 48 },
          "end": { "line": 86, "column": 3 }
        }
      },
      "6": {
        "name": "(anonymous_6)",
        "decl": {
          "start": { "line": 69, "column": 8 },
          "end": { "line": 69, "column": 9 }
        },
        "loc": {
          "start": { "line": 69, "column": 18 },
          "end": { "line": 85, "column": 5 }
        }
      },
      "7": {
        "name": "(anonymous_7)",
        "decl": {
          "start": { "line": 87, "column": 24 },
          "end": { "line": 87, "column": 25 }
        },
        "loc": {
          "start": { "line": 87, "column": 35 },
          "end": { "line": 100, "column": 3 }
        }
      },
      "8": {
        "name": "(anonymous_8)",
        "decl": {
          "start": { "line": 92, "column": 8 },
          "end": { "line": 92, "column": 9 }
        },
        "loc": {
          "start": { "line": 92, "column": 18 },
          "end": { "line": 99, "column": 5 }
        }
      }
    },
    "branchMap": {
      "0": {
        "loc": {
          "start": { "line": 29, "column": 6 },
          "end": { "line": 31, "column": 7 }
        },
        "type": "if",
        "locations": [
          {
            "start": { "line": 29, "column": 6 },
            "end": { "line": 31, "column": 7 }
          },
          { "start": {}, "end": {} }
        ]
      },
      "1": {
        "loc": {
          "start": { "line": 36, "column": 8 },
          "end": { "line": 39, "column": 9 }
        },
        "type": "if",
        "locations": [
          {
            "start": { "line": 36, "column": 8 },
            "end": { "line": 39, "column": 9 }
          },
          { "start": {}, "end": {} }
        ]
      },
      "2": {
        "loc": {
          "start": { "line": 36, "column": 12 },
          "end": { "line": 36, "column": 76 }
        },
        "type": "binary-expr",
        "locations": [
          {
            "start": { "line": 36, "column": 12 },
            "end": { "line": 36, "column": 26 }
          },
          {
            "start": { "line": 36, "column": 30 },
            "end": { "line": 36, "column": 76 }
          }
        ]
      },
      "3": {
        "loc": {
          "start": { "line": 48, "column": 8 },
          "end": { "line": 59, "column": 9 }
        },
        "type": "if",
        "locations": [
          {
            "start": { "line": 48, "column": 8 },
            "end": { "line": 59, "column": 9 }
          },
          { "start": {}, "end": {} }
        ]
      },
      "4": {
        "loc": {
          "start": { "line": 55, "column": 14 },
          "end": { "line": 57, "column": 44 }
        },
        "type": "cond-expr",
        "locations": [
          {
            "start": { "line": 56, "column": 18 },
            "end": { "line": 56, "column": 33 }
          },
          {
            "start": { "line": 57, "column": 18 },
            "end": { "line": 57, "column": 44 }
          }
        ]
      }
    },
    "s": {
      "0": 2,
      "1": 2,
      "2": 2,
      "3": 2,
      "4": 2,
      "5": 2,
      "6": 2,
      "7": 1,
      "8": 1,
      "9": 1,
      "10": 1,
      "11": 1,
      "12": 3,
      "13": 3,
      "14": 3,
      "15": 0,
      "16": 3,
      "17": 3,
      "18": 3,
      "19": 3,
      "20": 1,
      "21": 1,
      "22": 2,
      "23": 2,
      "24": 2,
      "25": 2,
      "26": 3,
      "27": 2,
      "28": 2,
      "29": 2,
      "30": 2,
      "31": 2,
      "32": 1,
      "33": 1,
      "34": 1,
      "35": 1,
      "36": 1,
      "37": 1
    },
    "f": {
      "0": 2,
      "1": 1,
      "2": 1,
      "3": 3,
      "4": 3,
      "5": 2,
      "6": 2,
      "7": 1,
      "8": 1
    },
    "b": { "0": [0, 3], "1": [1, 2], "2": [3, 3], "3": [2, 0], "4": [1, 1] }
  },
  "/Users/jessicagalvis/code/stock-dashboard/src/ui/store/types.ts": {
    "path": "/Users/jessicagalvis/code/stock-dashboard/src/ui/store/types.ts",
    "statementMap": {
      "0": {
        "start": { "line": 14, "column": 0 },
        "end": { "line": 14, "column": null }
      },
      "1": {
        "start": { "line": 15, "column": 2 },
        "end": { "line": 15, "column": null }
      },
      "2": {
        "start": { "line": 16, "column": 2 },
        "end": { "line": 16, "column": null }
      },
      "3": {
        "start": { "line": 17, "column": 2 },
        "end": { "line": 17, "column": null }
      }
    },
    "fnMap": {
      "0": {
        "name": "(anonymous_0)",
        "decl": {
          "start": { "line": 14, "column": 0 },
          "end": { "line": 14, "column": 12 }
        },
        "loc": {
          "start": { "line": 14, "column": 21 },
          "end": { "line": 18, "column": 1 }
        }
      }
    },
    "branchMap": {
      "0": {
        "loc": {
          "start": { "line": 14, "column": 12 },
          "end": { "line": 14, "column": null }
        },
        "type": "binary-expr",
        "locations": [
          {
            "start": { "line": 14, "column": 12 },
            "end": { "line": 14, "column": 21 }
          },
          {
            "start": { "line": 14, "column": 21 },
            "end": { "line": 14, "column": null }
          }
        ]
      }
    },
    "s": { "0": 2, "1": 2, "2": 2, "3": 2 },
    "f": { "0": 2 },
    "b": { "0": [2, 2] }
  },
  "/Users/jessicagalvis/code/stock-dashboard/src/ui/theme/index.ts": {
    "path": "/Users/jessicagalvis/code/stock-dashboard/src/ui/theme/index.ts",
    "statementMap": {
      "0": {
        "start": { "line": 1, "column": 0 },
        "end": { "line": 1, "column": 24 }
      }
    },
    "fnMap": {},
    "branchMap": {},
    "s": { "0": 1 },
    "f": {},
    "b": {}
  },
  "/Users/jessicagalvis/code/stock-dashboard/src/ui/theme/theme.ts": {
    "path": "/Users/jessicagalvis/code/stock-dashboard/src/ui/theme/theme.ts",
    "statementMap": {
      "0": {
        "start": { "line": 1, "column": 0 },
        "end": { "line": 1, "column": 51 }
      },
      "1": {
        "start": { "line": 3, "column": 13 },
        "end": { "line": 77, "column": 3 }
      }
    },
    "fnMap": {},
    "branchMap": {},
    "s": { "0": 1, "1": 1 },
    "f": {},
    "b": {}
  }
}
